[debug] [2017-08-19T23:15:58.971Z] ----------------------------------------------------------------------
[debug] [2017-08-19T23:15:58.976Z] Command:       C:\Program Files\nodejs\node.exe C:\Users\je_re\AppData\Roaming\npm\node_modules\firebase-tools\bin\firebase deploy
[debug] [2017-08-19T23:15:58.976Z] CLI Version:   3.9.2
[debug] [2017-08-19T23:15:58.976Z] Platform:      win32
[debug] [2017-08-19T23:15:58.977Z] Node Version:  v8.0.0
[debug] [2017-08-19T23:15:58.977Z] Time:          Sat Aug 19 2017 19:15:58 GMT-0400 (Eastern Daylight Time)
[debug] [2017-08-19T23:15:58.978Z] ----------------------------------------------------------------------
[debug] 
[debug] [2017-08-19T23:15:59.006Z] > command requires scopes: ["email","openid","https://www.googleapis.com/auth/cloudplatformprojects.readonly","https://www.googleapis.com/auth/firebase","https://www.googleapis.com/auth/cloud-platform"]
[debug] [2017-08-19T23:15:59.007Z] > authorizing via signed-in user
[debug] [2017-08-19T23:15:59.011Z] >>> HTTP REQUEST GET https://admin.firebase.com/v1/projects/live-note-ce62c  
 Sat Aug 19 2017 19:15:59 GMT-0400 (Eastern Daylight Time)
[debug] [2017-08-19T23:16:00.669Z] <<< HTTP RESPONSE 200
[debug] [2017-08-19T23:16:00.670Z] >>> HTTP REQUEST GET https://admin.firebase.com/v1/database/live-note-ce62c/tokens  
 Sat Aug 19 2017 19:16:00 GMT-0400 (Eastern Daylight Time)
[debug] [2017-08-19T23:16:01.710Z] <<< HTTP RESPONSE 200
[info] 
[info] === Deploying to 'live-note-ce62c'...
[info] 
[info] i  deploying database, functions, hosting
[info] +  database: rules ready to deploy.
[debug] [2017-08-19T23:16:03.205Z] > [functions] package.json contents: {
  "name": "functions",
  "description": "Cloud Functions for Firebase",
  "dependencies": {
    "firebase-admin": "~4.2.1",
    "firebase-functions": "^0.5.7"
  },
  "private": true
}
[info] i  functions: ensuring necessary APIs are enabled...
[info] i  runtimeconfig: ensuring necessary APIs are enabled...
[debug] [2017-08-19T23:16:03.211Z] >>> HTTP REQUEST GET https://servicemanagement.googleapis.com/v1/services/cloudfunctions.googleapis.com/projectSettings/live-note-ce62c?view=CONSUMER_VIEW  
 Sat Aug 19 2017 19:16:03 GMT-0400 (Eastern Daylight Time)
[debug] [2017-08-19T23:16:03.212Z] >>> HTTP REQUEST GET https://servicemanagement.googleapis.com/v1/services/runtimeconfig.googleapis.com/projectSettings/live-note-ce62c?view=CONSUMER_VIEW  
 Sat Aug 19 2017 19:16:03 GMT-0400 (Eastern Daylight Time)
[debug] [2017-08-19T23:16:04.082Z] <<< HTTP RESPONSE 200
[info] +  runtimeconfig: all necessary APIs are enabled
[debug] [2017-08-19T23:16:04.199Z] <<< HTTP RESPONSE 200
[info] +  functions: all necessary APIs are enabled
[debug] [2017-08-19T23:16:04.202Z] >>> HTTP REQUEST GET https://appengine.googleapis.com/v1/apps/live-note-ce62c  
 Sat Aug 19 2017 19:16:04 GMT-0400 (Eastern Daylight Time)
[debug] [2017-08-19T23:16:04.203Z] >>> HTTP REQUEST GET https://apikeys.googleapis.com/v1/projects/live-note-ce62c/apiKeys  
 Sat Aug 19 2017 19:16:04 GMT-0400 (Eastern Daylight Time)
[debug] [2017-08-19T23:16:04.682Z] <<< HTTP RESPONSE 200
[debug] [2017-08-19T23:16:04.721Z] <<< HTTP RESPONSE 200
[info] i  functions: preparing functions directory for uploading...
[debug] [2017-08-19T23:16:11.279Z] >>> HTTP REQUEST GET https://runtimeconfig.googleapis.com/v1beta1/projects/live-note-ce62c/configs  
 Sat Aug 19 2017 19:16:11 GMT-0400 (Eastern Daylight Time)
[debug] [2017-08-19T23:16:12.582Z] <<< HTTP RESPONSE 200
[info] i  hosting: preparing build directory for upload...
[debug] [2017-08-19T23:16:14.034Z] >>> HTTP REQUEST PUT https://deploy.firebase.com/v1/hosting/live-note-ce62c/uploads/-Krwm3EvtPgzW2eUZ1i5?fileCount=56&message=  
 Sat Aug 19 2017 19:16:14 GMT-0400 (Eastern Daylight Time)
[debug] [2017-08-19T23:17:53.789Z] Error: read ECONNRESET
    at exports._errnoException (util.js:1026:11)
    at TLSWrap.onread (net.js:607:25)
[error] 
[error] Error: Server Error. read ECONNRESET
